Using pre-set license
Built from '2020.3/staging' branch; Version is '2020.3.20f1 (41c4e627c95f) revision 4310246'; Using compiler version '192528614'; Build Type 'Release'
OS: 'Windows 10 Pro; OS build 19043.1415; Version 2009; 64bit' Language: 'en' Physical Memory: 8023 MB
BatchMode: 1, IsHumanControllingUs: 0, StartBugReporterOnCrash: 0, Is64bit: 1, IsPro: 0

COMMAND LINE ARGUMENTS:
D:\Program Files\Unity\2020.3.20f1\Editor\Unity.exe
-adb2
-batchMode
-noUpm
-name
AssetImportWorker0
-projectPath
D:/Projects/Unity/Licenta/Licenta
-logFile
Logs/AssetImportWorker0.log
-srvPort
52641
Successfully changed project path to: D:/Projects/Unity/Licenta/Licenta
D:/Projects/Unity/Licenta/Licenta
Using Asset Import Pipeline V2.
Refreshing native plugins compatible for Editor in 37.01 ms, found 2 plugins.
Preloading 0 native plugins for Editor in 0.00 ms.
Initialize engine version: 2020.3.20f1 (41c4e627c95f)
[Subsystems] Discovering subsystems at path D:/Program Files/Unity/2020.3.20f1/Editor/Data/Resources/UnitySubsystems
[Subsystems] Discovering subsystems at path D:/Projects/Unity/Licenta/Licenta/Assets
GfxDevice: creating device client; threaded=0
Direct3D:
    Version:  Direct3D 11.0 [level 11.1]
    Renderer: NVIDIA GeForce GTX 1650 Ti (ID=0x1f95)
    Vendor:   
    VRAM:     3962 MB
    Driver:   30.0.14.7168
Initialize mono
Mono path[0] = 'D:/Program Files/Unity/2020.3.20f1/Editor/Data/Managed'
Mono path[1] = 'D:/Program Files/Unity/2020.3.20f1/Editor/Data/MonoBleedingEdge/lib/mono/unityjit'
Mono config path = 'D:/Program Files/Unity/2020.3.20f1/Editor/Data/MonoBleedingEdge/etc'
Using monoOptions --debugger-agent=transport=dt_socket,embedding=1,server=y,suspend=n,address=127.0.0.1:56468
Begin MonoManager ReloadAssembly
Registering precompiled unity dll's ...
Register platform support module: D:/Program Files/Unity/2020.3.20f1/Editor/Data/PlaybackEngines/WindowsStandaloneSupport/UnityEditor.WindowsStandalone.Extensions.dll
Registered in 0.000826 seconds.
Native extension for WindowsStandalone target not found
Refreshing native plugins compatible for Editor in 34.05 ms, found 2 plugins.
Preloading 0 native plugins for Editor in 0.00 ms.
Mono: successfully reloaded assembly
- Completed reload, in  0.769 seconds
Domain Reload Profiling:
	ReloadAssembly (769ms)
		BeginReloadAssembly (42ms)
			ExecutionOrderSort (0ms)
			DisableScriptedObjects (0ms)
			BackupInstance (0ms)
			ReleaseScriptingObjects (0ms)
			CreateAndSetChildDomain (1ms)
		EndReloadAssembly (374ms)
			LoadAssemblies (42ms)
			RebuildTransferFunctionScriptingTraits (0ms)
			SetupTypeCache (138ms)
			ReleaseScriptCaches (0ms)
			RebuildScriptCaches (26ms)
			SetupLoadedEditorAssemblies (147ms)
				LogAssemblyErrors (0ms)
				InitializePlatformSupportModulesInManaged (4ms)
				SetLoadedEditorAssemblies (0ms)
				RefreshPlugins (34ms)
				BeforeProcessingInitializeOnLoad (14ms)
				ProcessInitializeOnLoadAttributes (69ms)
				ProcessInitializeOnLoadMethodAttributes (25ms)
				AfterProcessingInitializeOnLoad (0ms)
				EditorAssembliesLoaded (0ms)
			ExecutionOrderSort2 (0ms)
			AwakeInstancesAfterBackupRestoration (0ms)
Platform modules already initialized, skipping
Registering precompiled user dll's ...
Registered in 0.001527 seconds.
Begin MonoManager ReloadAssembly
Native extension for WindowsStandalone target not found
Refreshing native plugins compatible for Editor in 33.84 ms, found 2 plugins.
Preloading 0 native plugins for Editor in 0.00 ms.
Mono: successfully reloaded assembly
- Completed reload, in  1.150 seconds
Domain Reload Profiling:
	ReloadAssembly (1150ms)
		BeginReloadAssembly (146ms)
			ExecutionOrderSort (0ms)
			DisableScriptedObjects (5ms)
			BackupInstance (0ms)
			ReleaseScriptingObjects (0ms)
			CreateAndSetChildDomain (19ms)
		EndReloadAssembly (954ms)
			LoadAssemblies (72ms)
			RebuildTransferFunctionScriptingTraits (0ms)
			SetupTypeCache (246ms)
			ReleaseScriptCaches (0ms)
			RebuildScriptCaches (38ms)
			SetupLoadedEditorAssemblies (491ms)
				LogAssemblyErrors (0ms)
				InitializePlatformSupportModulesInManaged (3ms)
				SetLoadedEditorAssemblies (0ms)
				RefreshPlugins (34ms)
				BeforeProcessingInitializeOnLoad (55ms)
				ProcessInitializeOnLoadAttributes (392ms)
				ProcessInitializeOnLoadMethodAttributes (4ms)
				AfterProcessingInitializeOnLoad (2ms)
				EditorAssembliesLoaded (0ms)
			ExecutionOrderSort2 (0ms)
			AwakeInstancesAfterBackupRestoration (6ms)
Platform modules already initialized, skipping
========================================================================
Worker process is ready to serve import requests
Launched and connected shader compiler UnityShaderCompiler.exe after 0.10 seconds
Refreshing native plugins compatible for Editor in 0.58 ms, found 2 plugins.
Preloading 0 native plugins for Editor in 0.00 ms.
Unloading 1772 Unused Serialized files (Serialized files now loaded: 0)
System memory in use before: 81.9 MB.
System memory in use after: 81.9 MB.

Unloading 18 unused Assets to reduce memory usage. Loaded Objects now: 2216.
Total: 3.036100 ms (FindLiveObjects: 0.296300 ms CreateObjectMapping: 0.083600 ms MarkObjects: 2.574400 ms  DeleteObjects: 0.080900 ms)

AssetImportParameters requested are different than current active one (requested -> active):
  custom:framework-win-MediaFoundation: 216162199b28c13a410421893ffa2e32 -> 
  custom:video-decoder-ogg-theora: a1e56fd34408186e4bbccfd4996cb3dc -> 
  custom:container-muxer-webm: aa71ff27fc2769a1b78a27578f13a17b -> 
  custom:container-demuxer-webm: 4f35f7cbe854078d1ac9338744f61a02 -> 
  custom:container-demuxer-ogg: 62fdf1f143b41e24485cea50d1cbac27 -> 
  custom:video-encoder-webm-vp8: eb34c28f22e8b96e1ab97ce403110664 -> 
  custom:video-decoder-webm-vp8: 9c59270c3fd7afecdb556c50c9e8de78 -> 
  custom:audio-decoder-ogg-vorbis: bf7c407c2cedff20999df2af8eb42d56 -> 
  custom:audio-encoder-webm-vorbis: bf7c407c2cedff20999df2af8eb42d56 -> 
========================================================================
Received Import Request.
  path: Assets/Scripts/Player/PlayerAnimationHandler.cs
  artifactKey: Guid(823331f3a2f3eb14086fb420aa737f14) Importer(815301076,1909f56bfc062723c751e8b465ee728b)
Start importing Assets/Scripts/Player/PlayerAnimationHandler.cs using Guid(823331f3a2f3eb14086fb420aa737f14) Importer(815301076,1909f56bfc062723c751e8b465ee728b)  -> (artifact id: 'f605bcebd4de340650869bc4b3ac2a77') in 0.117324 seconds 
  Import took 0.126536 seconds .

========================================================================
Received Prepare
Registering precompiled user dll's ...
Registered in 0.001694 seconds.
Begin MonoManager ReloadAssembly
Native extension for WindowsStandalone target not found
Refreshing native plugins compatible for Editor in 0.41 ms, found 2 plugins.
Preloading 0 native plugins for Editor in 0.00 ms.
Mono: successfully reloaded assembly
- Completed reload, in  0.835 seconds
Domain Reload Profiling:
	ReloadAssembly (836ms)
		BeginReloadAssembly (106ms)
			ExecutionOrderSort (0ms)
			DisableScriptedObjects (5ms)
			BackupInstance (0ms)
			ReleaseScriptingObjects (0ms)
			CreateAndSetChildDomain (34ms)
		EndReloadAssembly (674ms)
			LoadAssemblies (80ms)
			RebuildTransferFunctionScriptingTraits (0ms)
			SetupTypeCache (236ms)
			ReleaseScriptCaches (1ms)
			RebuildScriptCaches (31ms)
			SetupLoadedEditorAssemblies (245ms)
				LogAssemblyErrors (0ms)
				InitializePlatformSupportModulesInManaged (4ms)
				SetLoadedEditorAssemblies (0ms)
				RefreshPlugins (0ms)
				BeforeProcessingInitializeOnLoad (53ms)
				ProcessInitializeOnLoadAttributes (182ms)
				ProcessInitializeOnLoadMethodAttributes (3ms)
				AfterProcessingInitializeOnLoad (2ms)
				EditorAssembliesLoaded (0ms)
			ExecutionOrderSort2 (0ms)
			AwakeInstancesAfterBackupRestoration (5ms)
Platform modules already initialized, skipping
Refreshing native plugins compatible for Editor in 0.41 ms, found 2 plugins.
Preloading 0 native plugins for Editor in 0.00 ms.
Unloading 1753 Unused Serialized files (Serialized files now loaded: 0)
System memory in use before: 80.6 MB.
System memory in use after: 80.7 MB.

Unloading 11 unused Assets to reduce memory usage. Loaded Objects now: 2218.
Total: 2.597600 ms (FindLiveObjects: 0.173000 ms CreateObjectMapping: 0.062600 ms MarkObjects: 2.345200 ms  DeleteObjects: 0.015600 ms)

AssetImportParameters requested are different than current active one (requested -> active):
  custom:framework-win-MediaFoundation: 216162199b28c13a410421893ffa2e32 -> 
  custom:video-decoder-ogg-theora: a1e56fd34408186e4bbccfd4996cb3dc -> 
  custom:container-muxer-webm: aa71ff27fc2769a1b78a27578f13a17b -> 
  custom:container-demuxer-webm: 4f35f7cbe854078d1ac9338744f61a02 -> 
  custom:container-demuxer-ogg: 62fdf1f143b41e24485cea50d1cbac27 -> 
  custom:video-encoder-webm-vp8: eb34c28f22e8b96e1ab97ce403110664 -> 
  custom:video-decoder-webm-vp8: 9c59270c3fd7afecdb556c50c9e8de78 -> 
  custom:audio-decoder-ogg-vorbis: bf7c407c2cedff20999df2af8eb42d56 -> 
  custom:audio-encoder-webm-vorbis: bf7c407c2cedff20999df2af8eb42d56 -> 
========================================================================
Received Import Request.
  Time since last request: 390.254196 seconds.
  path: Assets/!Temps/Animations/Player/Idle.anim
  artifactKey: Guid(c9c5cbd1968b1024c8fd26a45e19c1db) Importer(815301076,1909f56bfc062723c751e8b465ee728b)
Start importing Assets/!Temps/Animations/Player/Idle.anim using Guid(c9c5cbd1968b1024c8fd26a45e19c1db) Importer(815301076,1909f56bfc062723c751e8b465ee728b)  -> (artifact id: '4cca798c0ddd5035ee34f74bb4eab5c6') in 0.029534 seconds 
  Import took 0.035105 seconds .

========================================================================
Received Import Request.
  Time since last request: 17.594313 seconds.
  path: Assets/!Temps/Animations/Player/Player Idle On Walk.anim
  artifactKey: Guid(c9c5cbd1968b1024c8fd26a45e19c1db) Importer(815301076,1909f56bfc062723c751e8b465ee728b)
Start importing Assets/!Temps/Animations/Player/Player Idle On Walk.anim using Guid(c9c5cbd1968b1024c8fd26a45e19c1db) Importer(815301076,1909f56bfc062723c751e8b465ee728b)  -> (artifact id: '128f2f4ea63760fc3c4e0191ae34b42c') in 0.008796 seconds 
  Import took 0.013082 seconds .

========================================================================
Received Import Request.
  Time since last request: 3.211869 seconds.
  path: Assets/!Temps/Animations/Player/Running.anim
  artifactKey: Guid(dbcf53530f3d88d43996cf34c3fb51fb) Importer(815301076,1909f56bfc062723c751e8b465ee728b)
Start importing Assets/!Temps/Animations/Player/Running.anim using Guid(dbcf53530f3d88d43996cf34c3fb51fb) Importer(815301076,1909f56bfc062723c751e8b465ee728b)  -> (artifact id: 'd10380ceef7dc8d6ea6141b0ae21d81c') in 0.013042 seconds 
  Import took 0.019316 seconds .

========================================================================
Received Import Request.
  Time since last request: 6.364996 seconds.
  path: Assets/!Temps/Animations/Player/Player Running.anim
  artifactKey: Guid(dbcf53530f3d88d43996cf34c3fb51fb) Importer(815301076,1909f56bfc062723c751e8b465ee728b)
Start importing Assets/!Temps/Animations/Player/Player Running.anim using Guid(dbcf53530f3d88d43996cf34c3fb51fb) Importer(815301076,1909f56bfc062723c751e8b465ee728b)  -> (artifact id: '006cd5a99de6ffcaa13f5de328b37c62') in 0.011576 seconds 
  Import took 0.016880 seconds .

========================================================================
Received Import Request.
  Time since last request: 1.949256 seconds.
  path: Assets/!Temps/Animations/Player/Standard Walk.anim
  artifactKey: Guid(6238c36adc94bd84aa04cb0b1cd5fa00) Importer(815301076,1909f56bfc062723c751e8b465ee728b)
Start importing Assets/!Temps/Animations/Player/Standard Walk.anim using Guid(6238c36adc94bd84aa04cb0b1cd5fa00) Importer(815301076,1909f56bfc062723c751e8b465ee728b)  -> (artifact id: 'f26a41475a410e159f3fd469125df602') in 0.013752 seconds 
  Import took 0.017165 seconds .

========================================================================
Received Import Request.
  Time since last request: 7.856614 seconds.
  path: Assets/!Temps/Animations/Player/Player Walk.anim
  artifactKey: Guid(6238c36adc94bd84aa04cb0b1cd5fa00) Importer(815301076,1909f56bfc062723c751e8b465ee728b)
Start importing Assets/!Temps/Animations/Player/Player Walk.anim using Guid(6238c36adc94bd84aa04cb0b1cd5fa00) Importer(815301076,1909f56bfc062723c751e8b465ee728b)  -> (artifact id: '3e6c0a91fdb38cae256b43921efa41dd') in 0.009540 seconds 
  Import took 0.015187 seconds .

========================================================================
Received Import Request.
  Time since last request: 4.176977 seconds.
  path: Assets/!Temps/Animations/Player/Player Run.anim
  artifactKey: Guid(dbcf53530f3d88d43996cf34c3fb51fb) Importer(815301076,1909f56bfc062723c751e8b465ee728b)
Start importing Assets/!Temps/Animations/Player/Player Run.anim using Guid(dbcf53530f3d88d43996cf34c3fb51fb) Importer(815301076,1909f56bfc062723c751e8b465ee728b)  -> (artifact id: 'b97e76d0ef0af017b86fe7c3cafcc808') in 0.008900 seconds 
  Import took 0.014169 seconds .

========================================================================
Received Import Request.
  Time since last request: 3.170313 seconds.
  path: Assets/!Temps/Animations/Player/Kyle Animator.controller
  artifactKey: Guid(5a868f6203aea1c4e82a4ea099010fad) Importer(815301076,1909f56bfc062723c751e8b465ee728b)
Start importing Assets/!Temps/Animations/Player/Kyle Animator.controller using Guid(5a868f6203aea1c4e82a4ea099010fad) Importer(815301076,1909f56bfc062723c751e8b465ee728b)  -> (artifact id: '0c28c37ecf71c0c28c2e4e3762567785') in 0.018696 seconds 
  Import took 0.021967 seconds .

========================================================================
Received Import Request.
  Time since last request: 3058.724726 seconds.
  path: Assets/!Temps/Animations/Player/Mixamo/Robot Kyle@Crawl Backwards In Prone.fbx
  artifactKey: Guid(9c4887d18ad883c449ab458b3c38f2e0) Importer(815301076,1909f56bfc062723c751e8b465ee728b)
Start importing Assets/!Temps/Animations/Player/Mixamo/Robot Kyle@Crawl Backwards In Prone.fbx using Guid(9c4887d18ad883c449ab458b3c38f2e0) Importer(815301076,1909f56bfc062723c751e8b465ee728b)  -> (artifact id: '1ad06259784518ab8abece131435bbe8') in 0.090887 seconds 
  Import took 0.119074 seconds .

========================================================================
Received Import Request.
  Time since last request: 11.598709 seconds.
  path: Assets/!Temps/Animations/Player/Mixamo/Robot Kyle@Sword And Shield Jump.fbx
  artifactKey: Guid(6f9abc64760b0b646af6086349b6826a) Importer(815301076,1909f56bfc062723c751e8b465ee728b)
Start importing Assets/!Temps/Animations/Player/Mixamo/Robot Kyle@Sword And Shield Jump.fbx using Guid(6f9abc64760b0b646af6086349b6826a) Importer(815301076,1909f56bfc062723c751e8b465ee728b)  -> (artifact id: 'bb913668db65d0b4318ecf26efdd565a') in 0.014927 seconds 
  Import took 0.020482 seconds .

========================================================================
Received Import Request.
  Time since last request: 5.113806 seconds.
  path: Assets/!Temps/Animations/Player/Mixamo/Sword And Shield Jump.anim
  artifactKey: Guid(39116689b7ee1fc46b9474dbdd5e1a58) Importer(815301076,1909f56bfc062723c751e8b465ee728b)
Start importing Assets/!Temps/Animations/Player/Mixamo/Sword And Shield Jump.anim using Guid(39116689b7ee1fc46b9474dbdd5e1a58) Importer(815301076,1909f56bfc062723c751e8b465ee728b)  -> (artifact id: '6f4c024340eabec4fbac370f6c241bf7') in 0.010301 seconds 
  Import took 0.015295 seconds .

========================================================================
Received Import Request.
  Time since last request: 15.726417 seconds.
  path: Assets/!Temps/Animations/Player/Mixamo/Robot Kyle@Walking Turn 180.fbx
  artifactKey: Guid(6ce1a72f18961f341bb90a0549d7f54f) Importer(815301076,1909f56bfc062723c751e8b465ee728b)
Start importing Assets/!Temps/Animations/Player/Mixamo/Robot Kyle@Walking Turn 180.fbx using Guid(6ce1a72f18961f341bb90a0549d7f54f) Importer(815301076,1909f56bfc062723c751e8b465ee728b)  -> (artifact id: '6d4661aa08f34e47c27fefa62a616eac') in 0.012064 seconds 
  Import took 0.016993 seconds .

========================================================================
Received Import Request.
  Time since last request: 2.428939 seconds.
  path: Assets/!Temps/Animations/Player/Mixamo/Robot Kyle@Start Walking.fbx
  artifactKey: Guid(58c52680cd910e24da22adbc8ce95a2c) Importer(815301076,1909f56bfc062723c751e8b465ee728b)
Start importing Assets/!Temps/Animations/Player/Mixamo/Robot Kyle@Start Walking.fbx using Guid(58c52680cd910e24da22adbc8ce95a2c) Importer(815301076,1909f56bfc062723c751e8b465ee728b)  -> (artifact id: '13863626f2bd18eef7ee0bd8a5eea7d8') in 0.013653 seconds 
  Import took 0.017375 seconds .

========================================================================
Received Import Request.
  Time since last request: 0.611872 seconds.
  path: Assets/!Temps/Animations/Player/Mixamo/Robot Kyle@Standing Dodge Forward.fbx
  artifactKey: Guid(b5c498d057b0d6040bf7ded2d5f44991) Importer(815301076,1909f56bfc062723c751e8b465ee728b)
Start importing Assets/!Temps/Animations/Player/Mixamo/Robot Kyle@Standing Dodge Forward.fbx using Guid(b5c498d057b0d6040bf7ded2d5f44991) Importer(815301076,1909f56bfc062723c751e8b465ee728b)  -> (artifact id: 'b89709054cc5bfa15c74c9a6392b2a49') in 0.013522 seconds 
  Import took 0.017347 seconds .

========================================================================
Received Import Request.
  Time since last request: 2.976510 seconds.
  path: Assets/!Temps/Animations/Player/Mixamo/Standing Dodge Forward.anim
  artifactKey: Guid(8daeccb7ace632f4698e09ca7ccafde9) Importer(815301076,1909f56bfc062723c751e8b465ee728b)
Start importing Assets/!Temps/Animations/Player/Mixamo/Standing Dodge Forward.anim using Guid(8daeccb7ace632f4698e09ca7ccafde9) Importer(815301076,1909f56bfc062723c751e8b465ee728b)  -> (artifact id: 'e56be60cb684f73ac5b13f21fd8a9fb3') in 0.010459 seconds 
  Import took 0.014221 seconds .

========================================================================
Received Import Request.
  Time since last request: 6.042525 seconds.
  path: Assets/!Temps/Animations/Player/Mixamo/Robot Kyle@Sneaking Forward.fbx
  artifactKey: Guid(1ff2434f3518b7b49835aa1df35e5282) Importer(815301076,1909f56bfc062723c751e8b465ee728b)
Start importing Assets/!Temps/Animations/Player/Mixamo/Robot Kyle@Sneaking Forward.fbx using Guid(1ff2434f3518b7b49835aa1df35e5282) Importer(815301076,1909f56bfc062723c751e8b465ee728b)  -> (artifact id: '797af29972a6a3883bbe6f8152de786b') in 0.015528 seconds 
  Import took 0.020330 seconds .

========================================================================
Received Import Request.
  Time since last request: 4.463762 seconds.
  path: Assets/!Temps/Animations/Player/Mixamo/Sneaking Forward.anim
  artifactKey: Guid(017485880388aa147ae2bff640b0f08e) Importer(815301076,1909f56bfc062723c751e8b465ee728b)
Start importing Assets/!Temps/Animations/Player/Mixamo/Sneaking Forward.anim using Guid(017485880388aa147ae2bff640b0f08e) Importer(815301076,1909f56bfc062723c751e8b465ee728b)  -> (artifact id: '1f6e8832aae768329b1f5a038c417713') in 0.014850 seconds 
  Import took 0.021238 seconds .

========================================================================
Received Import Request.
  Time since last request: 59.356429 seconds.
  path: Assets/!Temps/Animations/Player/Mixamo/Robot Kyle@Roll Left.fbx
  artifactKey: Guid(999d93837552c074f80f8b8047d6a692) Importer(815301076,1909f56bfc062723c751e8b465ee728b)
Start importing Assets/!Temps/Animations/Player/Mixamo/Robot Kyle@Roll Left.fbx using Guid(999d93837552c074f80f8b8047d6a692) Importer(815301076,1909f56bfc062723c751e8b465ee728b)  -> (artifact id: '54bf73cec56d6fc233bbecd5a40de9fb') in 0.014131 seconds 
  Import took 0.018703 seconds .

========================================================================
Received Import Request.
  Time since last request: 6.156725 seconds.
  path: Assets/!Temps/Animations/Player/Mixamo/Robot Kyle@Prone Idle.fbx
  artifactKey: Guid(a106122036e41b6499e64265cc6d5a66) Importer(815301076,1909f56bfc062723c751e8b465ee728b)
Start importing Assets/!Temps/Animations/Player/Mixamo/Robot Kyle@Prone Idle.fbx using Guid(a106122036e41b6499e64265cc6d5a66) Importer(815301076,1909f56bfc062723c751e8b465ee728b)  -> (artifact id: 'aa69ecad41c55e8a452306f6b2996db7') in 0.011340 seconds 
  Import took 0.015506 seconds .

========================================================================
Received Import Request.
  Time since last request: 0.746322 seconds.
  path: Assets/!Temps/Animations/Player/Mixamo/Prone Idle.anim
  artifactKey: Guid(93d38f7350e38774abac65728d9af438) Importer(815301076,1909f56bfc062723c751e8b465ee728b)
Start importing Assets/!Temps/Animations/Player/Mixamo/Prone Idle.anim using Guid(93d38f7350e38774abac65728d9af438) Importer(815301076,1909f56bfc062723c751e8b465ee728b)  -> (artifact id: '0277110fb3ecec81b4080f93e640d03d') in 0.010665 seconds 
  Import took 0.014060 seconds .

========================================================================
Received Import Request.
  Time since last request: 7.174098 seconds.
  path: Assets/!Temps/Animations/Player/Mixamo/Robot Kyle@Crouch Idle.fbx
  artifactKey: Guid(20622d5e9beba73428327dcd81c94f16) Importer(815301076,1909f56bfc062723c751e8b465ee728b)
Start importing Assets/!Temps/Animations/Player/Mixamo/Robot Kyle@Crouch Idle.fbx using Guid(20622d5e9beba73428327dcd81c94f16) Importer(815301076,1909f56bfc062723c751e8b465ee728b)  -> (artifact id: 'dc267ca562519bb259baab7032163048') in 0.014670 seconds 
  Import took 0.020640 seconds .

========================================================================
Received Import Request.
  Time since last request: 8.977065 seconds.
  path: Assets/!Temps/Animations/Player/Mixamo/Robot Kyle@Low Crawl.fbx
  artifactKey: Guid(bb9cfd9d21065ea4598ada8f12705bce) Importer(815301076,1909f56bfc062723c751e8b465ee728b)
Start importing Assets/!Temps/Animations/Player/Mixamo/Robot Kyle@Low Crawl.fbx using Guid(bb9cfd9d21065ea4598ada8f12705bce) Importer(815301076,1909f56bfc062723c751e8b465ee728b)  -> (artifact id: 'd6f4adacd9f41c4f2fb96798b2df79ac') in 0.013679 seconds 
  Import took 0.017822 seconds .

========================================================================
Received Import Request.
  Time since last request: 0.791126 seconds.
  path: Assets/!Temps/Animations/Player/Mixamo/Low Crawl.anim
  artifactKey: Guid(4479c32007e36d84098deebf61b429b2) Importer(815301076,1909f56bfc062723c751e8b465ee728b)
Start importing Assets/!Temps/Animations/Player/Mixamo/Low Crawl.anim using Guid(4479c32007e36d84098deebf61b429b2) Importer(815301076,1909f56bfc062723c751e8b465ee728b)  -> (artifact id: 'd29ff485a446922a774b81378c74067a') in 0.013006 seconds 
  Import took 0.018059 seconds .

========================================================================
Received Import Request.
  Time since last request: 24.983275 seconds.
  path: Assets/!Temps/Animations/Player/Mixamo/Crouch Idle.anim
  artifactKey: Guid(8c111c307274c0349bd3cb68d12c41ba) Importer(815301076,1909f56bfc062723c751e8b465ee728b)
Start importing Assets/!Temps/Animations/Player/Mixamo/Crouch Idle.anim using Guid(8c111c307274c0349bd3cb68d12c41ba) Importer(815301076,1909f56bfc062723c751e8b465ee728b)  -> (artifact id: '5b38772167e46535104fa7b56e5f32b5') in 0.010581 seconds 
  Import took 0.013914 seconds .

========================================================================
Received Import Request.
  Time since last request: 10.302117 seconds.
  path: Assets/!Temps/Animations/Player/Mixamo/Crawl Backwards In Prone.anim
  artifactKey: Guid(32e2997586138a041a0e15d168230211) Importer(815301076,1909f56bfc062723c751e8b465ee728b)
Start importing Assets/!Temps/Animations/Player/Mixamo/Crawl Backwards In Prone.anim using Guid(32e2997586138a041a0e15d168230211) Importer(815301076,1909f56bfc062723c751e8b465ee728b)  -> (artifact id: 'becaf9019e1c6e117aa685711a81b3e1') in 0.011715 seconds 
  Import took 0.016561 seconds .

========================================================================
Received Import Request.
  Time since last request: 13.178178 seconds.
  path: Assets/!Temps/Animations/Player/Player Jump.anim
  artifactKey: Guid(39116689b7ee1fc46b9474dbdd5e1a58) Importer(815301076,1909f56bfc062723c751e8b465ee728b)
Start importing Assets/!Temps/Animations/Player/Player Jump.anim using Guid(39116689b7ee1fc46b9474dbdd5e1a58) Importer(815301076,1909f56bfc062723c751e8b465ee728b)  -> (artifact id: 'e340cb7432f319cbf7c623a1d2659dfe') in 0.009001 seconds 
  Import took 0.014072 seconds .

========================================================================
Received Import Request.
  Time since last request: 7.260589 seconds.
  path: Assets/!Temps/Animations/Player/Player Dodge.anim
  artifactKey: Guid(8daeccb7ace632f4698e09ca7ccafde9) Importer(815301076,1909f56bfc062723c751e8b465ee728b)
Start importing Assets/!Temps/Animations/Player/Player Dodge.anim using Guid(8daeccb7ace632f4698e09ca7ccafde9) Importer(815301076,1909f56bfc062723c751e8b465ee728b)  -> (artifact id: '5031509750362e6982cc4a3ec6a97359') in 0.008223 seconds 
  Import took 0.012947 seconds .

========================================================================
Received Import Request.
  Time since last request: 7.540980 seconds.
  path: Assets/!Temps/Animations/Player/Player Sneak Walk.anim
  artifactKey: Guid(017485880388aa147ae2bff640b0f08e) Importer(815301076,1909f56bfc062723c751e8b465ee728b)
Start importing Assets/!Temps/Animations/Player/Player Sneak Walk.anim using Guid(017485880388aa147ae2bff640b0f08e) Importer(815301076,1909f56bfc062723c751e8b465ee728b)  -> (artifact id: '84d867f7d5b2075b570da59de36af254') in 0.009163 seconds 
  Import took 0.012949 seconds .

========================================================================
Received Import Request.
  Time since last request: 25.209259 seconds.
  path: Assets/!Temps/Animations/Player/Player Crawl Idle.anim
  artifactKey: Guid(93d38f7350e38774abac65728d9af438) Importer(815301076,1909f56bfc062723c751e8b465ee728b)
Start importing Assets/!Temps/Animations/Player/Player Crawl Idle.anim using Guid(93d38f7350e38774abac65728d9af438) Importer(815301076,1909f56bfc062723c751e8b465ee728b)  -> (artifact id: 'bc805c1866593ceaab212a7954c542e0') in 0.007397 seconds 
  Import took 0.010032 seconds .

========================================================================
Received Import Request.
  Time since last request: 13.053535 seconds.
  path: Assets/!Temps/Animations/Player/Player Crawl Move.anim
  artifactKey: Guid(4479c32007e36d84098deebf61b429b2) Importer(815301076,1909f56bfc062723c751e8b465ee728b)
Start importing Assets/!Temps/Animations/Player/Player Crawl Move.anim using Guid(4479c32007e36d84098deebf61b429b2) Importer(815301076,1909f56bfc062723c751e8b465ee728b)  -> (artifact id: '3512a29dfe1d249f7c21719d15382123') in 0.011566 seconds 
  Import took 0.016579 seconds .

========================================================================
Received Import Request.
  Time since last request: 6.803640 seconds.
  path: Assets/!Temps/Animations/Player/Player Sneak Move.anim
  artifactKey: Guid(017485880388aa147ae2bff640b0f08e) Importer(815301076,1909f56bfc062723c751e8b465ee728b)
Start importing Assets/!Temps/Animations/Player/Player Sneak Move.anim using Guid(017485880388aa147ae2bff640b0f08e) Importer(815301076,1909f56bfc062723c751e8b465ee728b)  -> (artifact id: '481e1b3356dde227f6959622ded229bf') in 0.011332 seconds 
  Import took 0.016725 seconds .

========================================================================
Received Import Request.
  Time since last request: 8.084370 seconds.
  path: Assets/!Temps/Animations/Player/Player Sneak Idle.anim
  artifactKey: Guid(8c111c307274c0349bd3cb68d12c41ba) Importer(815301076,1909f56bfc062723c751e8b465ee728b)
Start importing Assets/!Temps/Animations/Player/Player Sneak Idle.anim using Guid(8c111c307274c0349bd3cb68d12c41ba) Importer(815301076,1909f56bfc062723c751e8b465ee728b)  -> (artifact id: '5126af7c49d3bb0e29a93ea67f899a9e') in 0.007122 seconds 
  Import took 0.009839 seconds .

========================================================================
Received Import Request.
  Time since last request: 15.730739 seconds.
  path: Assets/!Temps/Animations/Player/Mixamo/Roll Left.anim
  artifactKey: Guid(15b7207944bc21840b6d5a739147525e) Importer(815301076,1909f56bfc062723c751e8b465ee728b)
Start importing Assets/!Temps/Animations/Player/Mixamo/Roll Left.anim using Guid(15b7207944bc21840b6d5a739147525e) Importer(815301076,1909f56bfc062723c751e8b465ee728b)  -> (artifact id: '2d1e60281d54303332627e487e5f38ad') in 0.014833 seconds 
  Import took 0.019469 seconds .

========================================================================
Received Import Request.
  Time since last request: 13.135200 seconds.
  path: Assets/!Temps/Animations/Player/Player Crawl Roll.anim
  artifactKey: Guid(15b7207944bc21840b6d5a739147525e) Importer(815301076,1909f56bfc062723c751e8b465ee728b)
Start importing Assets/!Temps/Animations/Player/Player Crawl Roll.anim using Guid(15b7207944bc21840b6d5a739147525e) Importer(815301076,1909f56bfc062723c751e8b465ee728b)  -> (artifact id: '8a8543b6ef050b54e429570c25bc9caa') in 0.015355 seconds 
  Import took 0.018633 seconds .

========================================================================
Received Import Request.
  Time since last request: 12.036572 seconds.
  path: Assets/!Temps/Animations/Player/Player Crawl Backwards.anim
  artifactKey: Guid(32e2997586138a041a0e15d168230211) Importer(815301076,1909f56bfc062723c751e8b465ee728b)
Start importing Assets/!Temps/Animations/Player/Player Crawl Backwards.anim using Guid(32e2997586138a041a0e15d168230211) Importer(815301076,1909f56bfc062723c751e8b465ee728b)  -> (artifact id: '8d3642a10a1668b9f8614b8dbbbd9da5') in 0.009102 seconds 
  Import took 0.014283 seconds .

AssetImportWorkerClient::OnTransportError - code=2 error=End of file
