Using pre-set license
Built from '2020.3/staging' branch; Version is '2020.3.20f1 (41c4e627c95f) revision 4310246'; Using compiler version '192528614'; Build Type 'Release'
OS: 'Windows 10 Pro; OS build 19043.1826; Version 2009; 64bit' Language: 'en' Physical Memory: 8023 MB
BatchMode: 1, IsHumanControllingUs: 0, StartBugReporterOnCrash: 0, Is64bit: 1, IsPro: 0

COMMAND LINE ARGUMENTS:
D:\Program Files\Unity\2020.3.20f1\Editor\Unity.exe
-adb2
-batchMode
-noUpm
-name
AssetImportWorker0
-projectPath
D:/Projects/Unity/Licenta/Licenta
-logFile
Logs/AssetImportWorker0.log
-srvPort
64558
Successfully changed project path to: D:/Projects/Unity/Licenta/Licenta
D:/Projects/Unity/Licenta/Licenta
Using Asset Import Pipeline V2.
Refreshing native plugins compatible for Editor in 48.72 ms, found 2 plugins.
Preloading 0 native plugins for Editor in 0.00 ms.
Initialize engine version: 2020.3.20f1 (41c4e627c95f)
[Subsystems] Discovering subsystems at path D:/Program Files/Unity/2020.3.20f1/Editor/Data/Resources/UnitySubsystems
[Subsystems] Discovering subsystems at path D:/Projects/Unity/Licenta/Licenta/Assets
GfxDevice: creating device client; threaded=0
Direct3D:
    Version:  Direct3D 11.0 [level 11.1]
    Renderer: NVIDIA GeForce GTX 1650 Ti (ID=0x1f95)
    Vendor:   
    VRAM:     3962 MB
    Driver:   30.0.14.7168
Initialize mono
Mono path[0] = 'D:/Program Files/Unity/2020.3.20f1/Editor/Data/Managed'
Mono path[1] = 'D:/Program Files/Unity/2020.3.20f1/Editor/Data/MonoBleedingEdge/lib/mono/unityjit'
Mono config path = 'D:/Program Files/Unity/2020.3.20f1/Editor/Data/MonoBleedingEdge/etc'
Using monoOptions --debugger-agent=transport=dt_socket,embedding=1,server=y,suspend=n,address=127.0.0.1:56908
Begin MonoManager ReloadAssembly
Registering precompiled unity dll's ...
Register platform support module: D:/Program Files/Unity/2020.3.20f1/Editor/Data/PlaybackEngines/WindowsStandaloneSupport/UnityEditor.WindowsStandalone.Extensions.dll
Registered in 0.002502 seconds.
Native extension for WindowsStandalone target not found
Refreshing native plugins compatible for Editor in 42.34 ms, found 2 plugins.
Preloading 0 native plugins for Editor in 0.00 ms.
Mono: successfully reloaded assembly
- Completed reload, in  1.418 seconds
Domain Reload Profiling:
	ReloadAssembly (1418ms)
		BeginReloadAssembly (45ms)
			ExecutionOrderSort (0ms)
			DisableScriptedObjects (0ms)
			BackupInstance (0ms)
			ReleaseScriptingObjects (0ms)
			CreateAndSetChildDomain (1ms)
		EndReloadAssembly (383ms)
			LoadAssemblies (43ms)
			RebuildTransferFunctionScriptingTraits (0ms)
			SetupTypeCache (138ms)
			ReleaseScriptCaches (0ms)
			RebuildScriptCaches (28ms)
			SetupLoadedEditorAssemblies (157ms)
				LogAssemblyErrors (0ms)
				InitializePlatformSupportModulesInManaged (3ms)
				SetLoadedEditorAssemblies (0ms)
				RefreshPlugins (42ms)
				BeforeProcessingInitializeOnLoad (16ms)
				ProcessInitializeOnLoadAttributes (71ms)
				ProcessInitializeOnLoadMethodAttributes (24ms)
				AfterProcessingInitializeOnLoad (0ms)
				EditorAssembliesLoaded (0ms)
			ExecutionOrderSort2 (0ms)
			AwakeInstancesAfterBackupRestoration (0ms)
Platform modules already initialized, skipping
Registering precompiled user dll's ...
Registered in 0.006825 seconds.
Begin MonoManager ReloadAssembly
Native extension for WindowsStandalone target not found
Refreshing native plugins compatible for Editor in 41.85 ms, found 2 plugins.
Preloading 0 native plugins for Editor in 0.00 ms.
Mono: successfully reloaded assembly
- Completed reload, in  1.002 seconds
Domain Reload Profiling:
	ReloadAssembly (1004ms)
		BeginReloadAssembly (138ms)
			ExecutionOrderSort (0ms)
			DisableScriptedObjects (8ms)
			BackupInstance (0ms)
			ReleaseScriptingObjects (0ms)
			CreateAndSetChildDomain (17ms)
		EndReloadAssembly (817ms)
			LoadAssemblies (93ms)
			RebuildTransferFunctionScriptingTraits (0ms)
			SetupTypeCache (260ms)
			ReleaseScriptCaches (0ms)
			RebuildScriptCaches (45ms)
			SetupLoadedEditorAssemblies (308ms)
				LogAssemblyErrors (0ms)
				InitializePlatformSupportModulesInManaged (3ms)
				SetLoadedEditorAssemblies (0ms)
				RefreshPlugins (42ms)
				BeforeProcessingInitializeOnLoad (58ms)
				ProcessInitializeOnLoadAttributes (199ms)
				ProcessInitializeOnLoadMethodAttributes (4ms)
				AfterProcessingInitializeOnLoad (2ms)
				EditorAssembliesLoaded (0ms)
			ExecutionOrderSort2 (0ms)
			AwakeInstancesAfterBackupRestoration (5ms)
Platform modules already initialized, skipping
========================================================================
Worker process is ready to serve import requests
Launched and connected shader compiler UnityShaderCompiler.exe after 0.06 seconds
Refreshing native plugins compatible for Editor in 0.81 ms, found 2 plugins.
Preloading 0 native plugins for Editor in 0.00 ms.
Unloading 1916 Unused Serialized files (Serialized files now loaded: 0)
System memory in use before: 93.3 MB.
System memory in use after: 93.3 MB.

Unloading 18 unused Assets to reduce memory usage. Loaded Objects now: 2368.
Total: 3.752700 ms (FindLiveObjects: 0.209500 ms CreateObjectMapping: 0.058800 ms MarkObjects: 3.372900 ms  DeleteObjects: 0.110400 ms)

AssetImportParameters requested are different than current active one (requested -> active):
  custom:framework-win-MediaFoundation: 216162199b28c13a410421893ffa2e32 -> 
  custom:video-decoder-ogg-theora: a1e56fd34408186e4bbccfd4996cb3dc -> 
  custom:container-muxer-webm: aa71ff27fc2769a1b78a27578f13a17b -> 
  custom:container-demuxer-webm: 4f35f7cbe854078d1ac9338744f61a02 -> 
  custom:container-demuxer-ogg: 62fdf1f143b41e24485cea50d1cbac27 -> 
  custom:video-encoder-webm-vp8: eb34c28f22e8b96e1ab97ce403110664 -> 
  custom:video-decoder-webm-vp8: 9c59270c3fd7afecdb556c50c9e8de78 -> 
  custom:audio-decoder-ogg-vorbis: bf7c407c2cedff20999df2af8eb42d56 -> 
  custom:audio-encoder-webm-vorbis: bf7c407c2cedff20999df2af8eb42d56 -> 
========================================================================
Received Import Request.
  path: Assets/Scenes/Trap builder.unity
  artifactKey: Guid(7b4d30622c15d39409488ae20781d820) Importer(815301076,1909f56bfc062723c751e8b465ee728b)
Start importing Assets/Scenes/Trap builder.unity using Guid(7b4d30622c15d39409488ae20781d820) Importer(815301076,1909f56bfc062723c751e8b465ee728b)  -> (artifact id: 'e915745a095784c5c3d8d1f93b058aae') in 0.020827 seconds 
  Import took 0.024813 seconds .

========================================================================
Received Import Request.
  Time since last request: 12.522501 seconds.
  path: Assets/Scenes/Trap builder 2.unity
  artifactKey: Guid(18ce0ae44a9cffd4b820d450c68b8c55) Importer(815301076,1909f56bfc062723c751e8b465ee728b)
Start importing Assets/Scenes/Trap builder 2.unity using Guid(18ce0ae44a9cffd4b820d450c68b8c55) Importer(815301076,1909f56bfc062723c751e8b465ee728b)  -> (artifact id: 'd4aae9b6e9a279d039c3b849096de779') in 0.008546 seconds 
  Import took 0.014223 seconds .

========================================================================
Received Prepare
Registering precompiled user dll's ...
Registered in 0.001576 seconds.
Begin MonoManager ReloadAssembly
Native extension for WindowsStandalone target not found
Refreshing native plugins compatible for Editor in 0.46 ms, found 2 plugins.
Preloading 0 native plugins for Editor in 0.00 ms.
Mono: successfully reloaded assembly
- Completed reload, in  0.839 seconds
Domain Reload Profiling:
	ReloadAssembly (839ms)
		BeginReloadAssembly (102ms)
			ExecutionOrderSort (0ms)
			DisableScriptedObjects (4ms)
			BackupInstance (0ms)
			ReleaseScriptingObjects (0ms)
			CreateAndSetChildDomain (29ms)
		EndReloadAssembly (689ms)
			LoadAssemblies (66ms)
			RebuildTransferFunctionScriptingTraits (0ms)
			SetupTypeCache (243ms)
			ReleaseScriptCaches (1ms)
			RebuildScriptCaches (32ms)
			SetupLoadedEditorAssemblies (255ms)
				LogAssemblyErrors (0ms)
				InitializePlatformSupportModulesInManaged (3ms)
				SetLoadedEditorAssemblies (0ms)
				RefreshPlugins (0ms)
				BeforeProcessingInitializeOnLoad (55ms)
				ProcessInitializeOnLoadAttributes (189ms)
				ProcessInitializeOnLoadMethodAttributes (4ms)
				AfterProcessingInitializeOnLoad (2ms)
				EditorAssembliesLoaded (0ms)
			ExecutionOrderSort2 (0ms)
			AwakeInstancesAfterBackupRestoration (7ms)
Platform modules already initialized, skipping
Refreshing native plugins compatible for Editor in 0.49 ms, found 2 plugins.
Preloading 0 native plugins for Editor in 0.00 ms.
Unloading 1869 Unused Serialized files (Serialized files now loaded: 0)
System memory in use before: 89.1 MB.
System memory in use after: 89.3 MB.

Unloading 11 unused Assets to reduce memory usage. Loaded Objects now: 2370.
Total: 2.622300 ms (FindLiveObjects: 0.235000 ms CreateObjectMapping: 0.084700 ms MarkObjects: 2.284900 ms  DeleteObjects: 0.016500 ms)

AssetImportParameters requested are different than current active one (requested -> active):
  custom:framework-win-MediaFoundation: 216162199b28c13a410421893ffa2e32 -> 
  custom:video-decoder-ogg-theora: a1e56fd34408186e4bbccfd4996cb3dc -> 
  custom:container-muxer-webm: aa71ff27fc2769a1b78a27578f13a17b -> 
  custom:container-demuxer-webm: 4f35f7cbe854078d1ac9338744f61a02 -> 
  custom:container-demuxer-ogg: 62fdf1f143b41e24485cea50d1cbac27 -> 
  custom:video-encoder-webm-vp8: eb34c28f22e8b96e1ab97ce403110664 -> 
  custom:video-decoder-webm-vp8: 9c59270c3fd7afecdb556c50c9e8de78 -> 
  custom:audio-decoder-ogg-vorbis: bf7c407c2cedff20999df2af8eb42d56 -> 
  custom:audio-encoder-webm-vorbis: bf7c407c2cedff20999df2af8eb42d56 -> 
========================================================================
Received Import Request.
  Time since last request: 764.707231 seconds.
  path: Assets/Scenes/Trap builder.unity
  artifactKey: Guid(7b4d30622c15d39409488ae20781d820) Importer(815301076,1909f56bfc062723c751e8b465ee728b)
Start importing Assets/Scenes/Trap builder.unity using Guid(7b4d30622c15d39409488ae20781d820) Importer(815301076,1909f56bfc062723c751e8b465ee728b)  -> (artifact id: '66f2019ac1367f2ea8b3e8f5677d4150') in 0.028752 seconds 
  Import took 0.032962 seconds .

========================================================================
Received Import Request.
  Time since last request: 497.941179 seconds.
  path: Assets/!Temps/Prefabs/Obstacles/Pits and spikes
  artifactKey: Guid(aada081f0623d4b49b6dd122f0768b79) Importer(815301076,1909f56bfc062723c751e8b465ee728b)
Start importing Assets/!Temps/Prefabs/Obstacles/Pits and spikes using Guid(aada081f0623d4b49b6dd122f0768b79) Importer(815301076,1909f56bfc062723c751e8b465ee728b)  -> (artifact id: 'ae35aab1d6fd03b20a90dab664dde722') in 0.010096 seconds 
  Import took 0.015593 seconds .

========================================================================
Received Prepare
Registering precompiled user dll's ...
Registered in 0.001978 seconds.
Begin MonoManager ReloadAssembly
Native extension for WindowsStandalone target not found
Refreshing native plugins compatible for Editor in 0.47 ms, found 2 plugins.
Preloading 0 native plugins for Editor in 0.00 ms.
Mono: successfully reloaded assembly
- Completed reload, in  1.044 seconds
Domain Reload Profiling:
	ReloadAssembly (1046ms)
		BeginReloadAssembly (173ms)
			ExecutionOrderSort (0ms)
			DisableScriptedObjects (11ms)
			BackupInstance (0ms)
			ReleaseScriptingObjects (0ms)
			CreateAndSetChildDomain (64ms)
		EndReloadAssembly (819ms)
			LoadAssemblies (111ms)
			RebuildTransferFunctionScriptingTraits (0ms)
			SetupTypeCache (286ms)
			ReleaseScriptCaches (1ms)
			RebuildScriptCaches (32ms)
			SetupLoadedEditorAssemblies (291ms)
				LogAssemblyErrors (0ms)
				InitializePlatformSupportModulesInManaged (4ms)
				SetLoadedEditorAssemblies (0ms)
				RefreshPlugins (1ms)
				BeforeProcessingInitializeOnLoad (58ms)
				ProcessInitializeOnLoadAttributes (222ms)
				ProcessInitializeOnLoadMethodAttributes (4ms)
				AfterProcessingInitializeOnLoad (2ms)
				EditorAssembliesLoaded (0ms)
			ExecutionOrderSort2 (0ms)
			AwakeInstancesAfterBackupRestoration (6ms)
Platform modules already initialized, skipping
Refreshing native plugins compatible for Editor in 0.47 ms, found 2 plugins.
Preloading 0 native plugins for Editor in 0.00 ms.
Unloading 1869 Unused Serialized files (Serialized files now loaded: 0)
System memory in use before: 89.4 MB.
System memory in use after: 89.5 MB.

Unloading 11 unused Assets to reduce memory usage. Loaded Objects now: 2372.
Total: 2.705300 ms (FindLiveObjects: 0.272200 ms CreateObjectMapping: 0.116300 ms MarkObjects: 2.290500 ms  DeleteObjects: 0.025200 ms)

AssetImportParameters requested are different than current active one (requested -> active):
  custom:framework-win-MediaFoundation: 216162199b28c13a410421893ffa2e32 -> 
  custom:video-decoder-ogg-theora: a1e56fd34408186e4bbccfd4996cb3dc -> 
  custom:container-muxer-webm: aa71ff27fc2769a1b78a27578f13a17b -> 
  custom:container-demuxer-webm: 4f35f7cbe854078d1ac9338744f61a02 -> 
  custom:container-demuxer-ogg: 62fdf1f143b41e24485cea50d1cbac27 -> 
  custom:video-encoder-webm-vp8: eb34c28f22e8b96e1ab97ce403110664 -> 
  custom:video-decoder-webm-vp8: 9c59270c3fd7afecdb556c50c9e8de78 -> 
  custom:audio-decoder-ogg-vorbis: bf7c407c2cedff20999df2af8eb42d56 -> 
  custom:audio-encoder-webm-vorbis: bf7c407c2cedff20999df2af8eb42d56 -> 
========================================================================
Received Import Request.
  Time since last request: 12046.550074 seconds.
  path: Assets/!Temps/Prefabs/Obstacles/Bear trap/1_East_Bear_trap.prefab
  artifactKey: Guid(dffcb8b43efdea24cb0d5e6212f699da) Importer(815301076,1909f56bfc062723c751e8b465ee728b)
Start importing Assets/!Temps/Prefabs/Obstacles/Bear trap/1_East_Bear_trap.prefab using Guid(dffcb8b43efdea24cb0d5e6212f699da) Importer(815301076,1909f56bfc062723c751e8b465ee728b)  -> (artifact id: '27ccd409dd9c08c1fc97eb3ecfc0f230') in 0.394831 seconds 
  Import took 0.461892 seconds .

========================================================================
Received Import Request.
  Time since last request: 34.391262 seconds.
  path: Assets/Obstacles/ObstacleSOs/Shape 0/Bear_trap_SO.asset
  artifactKey: Guid(8872ff8844b6da948bdc50eac2c16c0e) Importer(815301076,1909f56bfc062723c751e8b465ee728b)
Start importing Assets/Obstacles/ObstacleSOs/Shape 0/Bear_trap_SO.asset using Guid(8872ff8844b6da948bdc50eac2c16c0e) Importer(815301076,1909f56bfc062723c751e8b465ee728b)  -> (artifact id: '2ea85a785b90e5f93d1b3493c75dae5e') in 0.029091 seconds 
  Import took 0.034051 seconds .

========================================================================
Received Import Request.
  Time since last request: 34.430957 seconds.
  path: Assets/Obstacles/ObstacleSOs/Shape 8/New Obstacle Object.asset
  artifactKey: Guid(251a8dc7fd7774d4ea8010810e9b7f8a) Importer(815301076,1909f56bfc062723c751e8b465ee728b)
Start importing Assets/Obstacles/ObstacleSOs/Shape 8/New Obstacle Object.asset using Guid(251a8dc7fd7774d4ea8010810e9b7f8a) Importer(815301076,1909f56bfc062723c751e8b465ee728b)  -> (artifact id: '2c973f639e5b37d350ba426e7c9778f3') in 0.005980 seconds 
  Import took 0.009189 seconds .

========================================================================
Received Prepare
Registering precompiled user dll's ...
Registered in 0.002424 seconds.
Begin MonoManager ReloadAssembly
Native extension for WindowsStandalone target not found
Refreshing native plugins compatible for Editor in 0.48 ms, found 2 plugins.
Preloading 0 native plugins for Editor in 0.00 ms.
Mono: successfully reloaded assembly
- Completed reload, in  0.944 seconds
Domain Reload Profiling:
	ReloadAssembly (945ms)
		BeginReloadAssembly (155ms)
			ExecutionOrderSort (0ms)
			DisableScriptedObjects (7ms)
			BackupInstance (0ms)
			ReleaseScriptingObjects (0ms)
			CreateAndSetChildDomain (76ms)
		EndReloadAssembly (739ms)
			LoadAssemblies (81ms)
			RebuildTransferFunctionScriptingTraits (0ms)
			SetupTypeCache (258ms)
			ReleaseScriptCaches (1ms)
			RebuildScriptCaches (33ms)
			SetupLoadedEditorAssemblies (272ms)
				LogAssemblyErrors (0ms)
				InitializePlatformSupportModulesInManaged (3ms)
				SetLoadedEditorAssemblies (0ms)
				RefreshPlugins (1ms)
				BeforeProcessingInitializeOnLoad (59ms)
				ProcessInitializeOnLoadAttributes (203ms)
				ProcessInitializeOnLoadMethodAttributes (3ms)
				AfterProcessingInitializeOnLoad (2ms)
				EditorAssembliesLoaded (0ms)
			ExecutionOrderSort2 (0ms)
			AwakeInstancesAfterBackupRestoration (6ms)
Platform modules already initialized, skipping
Refreshing native plugins compatible for Editor in 0.74 ms, found 2 plugins.
Preloading 0 native plugins for Editor in 0.00 ms.
Unloading 1869 Unused Serialized files (Serialized files now loaded: 0)
System memory in use before: 106.2 MB.
System memory in use after: 106.3 MB.

Unloading 11 unused Assets to reduce memory usage. Loaded Objects now: 2382.
Total: 2.963900 ms (FindLiveObjects: 0.255700 ms CreateObjectMapping: 0.088500 ms MarkObjects: 2.604900 ms  DeleteObjects: 0.013900 ms)

AssetImportParameters requested are different than current active one (requested -> active):
  custom:framework-win-MediaFoundation: 216162199b28c13a410421893ffa2e32 -> 
  custom:video-decoder-ogg-theora: a1e56fd34408186e4bbccfd4996cb3dc -> 
  custom:container-muxer-webm: aa71ff27fc2769a1b78a27578f13a17b -> 
  custom:container-demuxer-webm: 4f35f7cbe854078d1ac9338744f61a02 -> 
  custom:container-demuxer-ogg: 62fdf1f143b41e24485cea50d1cbac27 -> 
  custom:video-encoder-webm-vp8: eb34c28f22e8b96e1ab97ce403110664 -> 
  custom:video-decoder-webm-vp8: 9c59270c3fd7afecdb556c50c9e8de78 -> 
  custom:audio-decoder-ogg-vorbis: bf7c407c2cedff20999df2af8eb42d56 -> 
  custom:audio-encoder-webm-vorbis: bf7c407c2cedff20999df2af8eb42d56 -> 
========================================================================
Received Import Request.
  Time since last request: 41.454617 seconds.
  path: Assets/Obstacles/ObstacleSOs/Shape 8/Pits and spikes trap.asset
  artifactKey: Guid(251a8dc7fd7774d4ea8010810e9b7f8a) Importer(815301076,1909f56bfc062723c751e8b465ee728b)
Start importing Assets/Obstacles/ObstacleSOs/Shape 8/Pits and spikes trap.asset using Guid(251a8dc7fd7774d4ea8010810e9b7f8a) Importer(815301076,1909f56bfc062723c751e8b465ee728b)  -> (artifact id: 'dfd80335dc93717a10eaf139247480dc') in 1.127267 seconds 
  Import took 1.130569 seconds .

========================================================================
Received Import Request.
  Time since last request: 18.178053 seconds.
  path: Assets/Obstacles/ObstacleSOs/Shape 8/Pits_and_spikes_trap_SO.asset
  artifactKey: Guid(251a8dc7fd7774d4ea8010810e9b7f8a) Importer(815301076,1909f56bfc062723c751e8b465ee728b)
Start importing Assets/Obstacles/ObstacleSOs/Shape 8/Pits_and_spikes_trap_SO.asset using Guid(251a8dc7fd7774d4ea8010810e9b7f8a) Importer(815301076,1909f56bfc062723c751e8b465ee728b)  -> (artifact id: '19474fa627b940d95b393b990e2e29f1') in 0.008794 seconds 
  Import took 0.013294 seconds .

========================================================================
Received Prepare
Registering precompiled user dll's ...
Registered in 0.001710 seconds.
Begin MonoManager ReloadAssembly
Native extension for WindowsStandalone target not found
Refreshing native plugins compatible for Editor in 1.46 ms, found 2 plugins.
Preloading 0 native plugins for Editor in 0.00 ms.
Mono: successfully reloaded assembly
- Completed reload, in  0.944 seconds
Domain Reload Profiling:
	ReloadAssembly (944ms)
		BeginReloadAssembly (106ms)
			ExecutionOrderSort (0ms)
			DisableScriptedObjects (4ms)
			BackupInstance (0ms)
			ReleaseScriptingObjects (0ms)
			CreateAndSetChildDomain (30ms)
		EndReloadAssembly (788ms)
			LoadAssemblies (74ms)
			RebuildTransferFunctionScriptingTraits (0ms)
			SetupTypeCache (256ms)
			ReleaseScriptCaches (1ms)
			RebuildScriptCaches (33ms)
			SetupLoadedEditorAssemblies (304ms)
				LogAssemblyErrors (0ms)
				InitializePlatformSupportModulesInManaged (9ms)
				SetLoadedEditorAssemblies (1ms)
				RefreshPlugins (2ms)
				BeforeProcessingInitializeOnLoad (87ms)
				ProcessInitializeOnLoadAttributes (200ms)
				ProcessInitializeOnLoadMethodAttributes (3ms)
				AfterProcessingInitializeOnLoad (2ms)
				EditorAssembliesLoaded (0ms)
			ExecutionOrderSort2 (0ms)
			AwakeInstancesAfterBackupRestoration (5ms)
Platform modules already initialized, skipping
Refreshing native plugins compatible for Editor in 0.52 ms, found 2 plugins.
Preloading 0 native plugins for Editor in 0.00 ms.
Unloading 1869 Unused Serialized files (Serialized files now loaded: 0)
System memory in use before: 106.2 MB.
System memory in use after: 106.3 MB.

Unloading 11 unused Assets to reduce memory usage. Loaded Objects now: 2384.
Total: 2.551600 ms (FindLiveObjects: 0.190800 ms CreateObjectMapping: 0.073000 ms MarkObjects: 2.271800 ms  DeleteObjects: 0.014900 ms)

AssetImportParameters requested are different than current active one (requested -> active):
  custom:framework-win-MediaFoundation: 216162199b28c13a410421893ffa2e32 -> 
  custom:video-decoder-ogg-theora: a1e56fd34408186e4bbccfd4996cb3dc -> 
  custom:container-muxer-webm: aa71ff27fc2769a1b78a27578f13a17b -> 
  custom:container-demuxer-webm: 4f35f7cbe854078d1ac9338744f61a02 -> 
  custom:container-demuxer-ogg: 62fdf1f143b41e24485cea50d1cbac27 -> 
  custom:video-encoder-webm-vp8: eb34c28f22e8b96e1ab97ce403110664 -> 
  custom:video-decoder-webm-vp8: 9c59270c3fd7afecdb556c50c9e8de78 -> 
  custom:audio-decoder-ogg-vorbis: bf7c407c2cedff20999df2af8eb42d56 -> 
  custom:audio-encoder-webm-vorbis: bf7c407c2cedff20999df2af8eb42d56 -> 
========================================================================
Received Import Request.
  Time since last request: 1035.904511 seconds.
  path: Assets/!Temps/Prefabs/Obstacles/Pits and spikes/0_North_Spike_trap.prefab
  artifactKey: Guid(732791498e408924abcc9f4f5f731116) Importer(815301076,1909f56bfc062723c751e8b465ee728b)
Start importing Assets/!Temps/Prefabs/Obstacles/Pits and spikes/0_North_Spike_trap.prefab using Guid(732791498e408924abcc9f4f5f731116) Importer(815301076,1909f56bfc062723c751e8b465ee728b)  -> (artifact id: '6b1b8274afb4fbd24db765b23c5ee21b') in 0.173003 seconds 
  Import took 0.179874 seconds .

========================================================================
Received Import Request.
  Time since last request: 1.506889 seconds.
  path: Assets/!Temps/Prefabs/Obstacles/Pits and spikes/0_East_Spike_trap.prefab
  artifactKey: Guid(59a962c345cf54b4a97b00a2fff36b15) Importer(815301076,1909f56bfc062723c751e8b465ee728b)
Start importing Assets/!Temps/Prefabs/Obstacles/Pits and spikes/0_East_Spike_trap.prefab using Guid(59a962c345cf54b4a97b00a2fff36b15) Importer(815301076,1909f56bfc062723c751e8b465ee728b)  -> (artifact id: '37f6a68e7e08fa8ef1528dbfd83f88c4') in 0.120260 seconds 
  Import took 0.129744 seconds .

========================================================================
Received Import Request.
  Time since last request: 1.170442 seconds.
  path: Assets/!Temps/Prefabs/Obstacles/Pits and spikes/0_South_Spike_trap.prefab
  artifactKey: Guid(a7564d179101bf846bb898f6f14d5147) Importer(815301076,1909f56bfc062723c751e8b465ee728b)
Start importing Assets/!Temps/Prefabs/Obstacles/Pits and spikes/0_South_Spike_trap.prefab using Guid(a7564d179101bf846bb898f6f14d5147) Importer(815301076,1909f56bfc062723c751e8b465ee728b)  -> (artifact id: '31e6f1146e1b8a930f34068e34a9b2a2') in 0.087388 seconds 
  Import took 0.097027 seconds .

========================================================================
Received Import Request.
  Time since last request: 1.114720 seconds.
  path: Assets/!Temps/Prefabs/Obstacles/Pits and spikes/0_West_Spike_trap.prefab
  artifactKey: Guid(605dc620b85837849b79a7533ac048a1) Importer(815301076,1909f56bfc062723c751e8b465ee728b)
Start importing Assets/!Temps/Prefabs/Obstacles/Pits and spikes/0_West_Spike_trap.prefab using Guid(605dc620b85837849b79a7533ac048a1) Importer(815301076,1909f56bfc062723c751e8b465ee728b)  -> (artifact id: '0ad59f9f5dd34f598fddb9bbf980fd0a') in 0.084310 seconds 
  Import took 0.091988 seconds .

========================================================================
Received Import Request.
  Time since last request: 39.596192 seconds.
  path: Assets/Obstacles/ObstacleSOs/Shape 8/Pits_and_spikes_trap_SO.asset
  artifactKey: Guid(251a8dc7fd7774d4ea8010810e9b7f8a) Importer(815301076,1909f56bfc062723c751e8b465ee728b)
Start importing Assets/Obstacles/ObstacleSOs/Shape 8/Pits_and_spikes_trap_SO.asset using Guid(251a8dc7fd7774d4ea8010810e9b7f8a) Importer(815301076,1909f56bfc062723c751e8b465ee728b)  -> (artifact id: '68d4b0374119e64e5f710dedb5eebdba') in 0.091770 seconds 
  Import took 0.111765 seconds .

========================================================================
Received Import Request.
  Time since last request: 10.474123 seconds.
  path: Assets/Scenes/Main Scene.unity
  artifactKey: Guid(9fc0d4010bbf28b4594072e72b8655ab) Importer(815301076,1909f56bfc062723c751e8b465ee728b)
Start importing Assets/Scenes/Main Scene.unity using Guid(9fc0d4010bbf28b4594072e72b8655ab) Importer(815301076,1909f56bfc062723c751e8b465ee728b)  -> (artifact id: 'd1e2313fe3cb236ec84d116e989fec31') in 0.007172 seconds 
  Import took 0.011168 seconds .

========================================================================
Received Prepare
Registering precompiled user dll's ...
Registered in 0.001674 seconds.
Begin MonoManager ReloadAssembly
Native extension for WindowsStandalone target not found
Refreshing native plugins compatible for Editor in 0.48 ms, found 2 plugins.
Preloading 0 native plugins for Editor in 0.00 ms.
Mono: successfully reloaded assembly
- Completed reload, in  0.853 seconds
Domain Reload Profiling:
	ReloadAssembly (853ms)
		BeginReloadAssembly (95ms)
			ExecutionOrderSort (0ms)
			DisableScriptedObjects (4ms)
			BackupInstance (0ms)
			ReleaseScriptingObjects (0ms)
			CreateAndSetChildDomain (31ms)
		EndReloadAssembly (698ms)
			LoadAssemblies (71ms)
			RebuildTransferFunctionScriptingTraits (0ms)
			SetupTypeCache (245ms)
			ReleaseScriptCaches (1ms)
			RebuildScriptCaches (34ms)
			SetupLoadedEditorAssemblies (252ms)
				LogAssemblyErrors (0ms)
				InitializePlatformSupportModulesInManaged (3ms)
				SetLoadedEditorAssemblies (0ms)
				RefreshPlugins (1ms)
				BeforeProcessingInitializeOnLoad (55ms)
				ProcessInitializeOnLoadAttributes (187ms)
				ProcessInitializeOnLoadMethodAttributes (4ms)
				AfterProcessingInitializeOnLoad (2ms)
				EditorAssembliesLoaded (0ms)
			ExecutionOrderSort2 (0ms)
			AwakeInstancesAfterBackupRestoration (5ms)
Platform modules already initialized, skipping
Refreshing native plugins compatible for Editor in 0.51 ms, found 2 plugins.
Preloading 0 native plugins for Editor in 0.00 ms.
Unloading 1869 Unused Serialized files (Serialized files now loaded: 0)
System memory in use before: 110.1 MB.
System memory in use after: 110.2 MB.

Unloading 11 unused Assets to reduce memory usage. Loaded Objects now: 2387.
Total: 2.677200 ms (FindLiveObjects: 0.198400 ms CreateObjectMapping: 0.071200 ms MarkObjects: 2.388800 ms  DeleteObjects: 0.017800 ms)

AssetImportParameters requested are different than current active one (requested -> active):
  custom:framework-win-MediaFoundation: 216162199b28c13a410421893ffa2e32 -> 
  custom:video-decoder-ogg-theora: a1e56fd34408186e4bbccfd4996cb3dc -> 
  custom:container-muxer-webm: aa71ff27fc2769a1b78a27578f13a17b -> 
  custom:container-demuxer-webm: 4f35f7cbe854078d1ac9338744f61a02 -> 
  custom:container-demuxer-ogg: 62fdf1f143b41e24485cea50d1cbac27 -> 
  custom:video-encoder-webm-vp8: eb34c28f22e8b96e1ab97ce403110664 -> 
  custom:video-decoder-webm-vp8: 9c59270c3fd7afecdb556c50c9e8de78 -> 
  custom:audio-decoder-ogg-vorbis: bf7c407c2cedff20999df2af8eb42d56 -> 
  custom:audio-encoder-webm-vorbis: bf7c407c2cedff20999df2af8eb42d56 -> 
========================================================================
Received Import Request.
  Time since last request: 600.719900 seconds.
  path: Assets/Scenes/Trap builder 2.unity
  artifactKey: Guid(18ce0ae44a9cffd4b820d450c68b8c55) Importer(815301076,1909f56bfc062723c751e8b465ee728b)
Start importing Assets/Scenes/Trap builder 2.unity using Guid(18ce0ae44a9cffd4b820d450c68b8c55) Importer(815301076,1909f56bfc062723c751e8b465ee728b)  -> (artifact id: '9d3343b082f871d270ff66b9ff9e1892') in 0.015071 seconds 
  Import took 0.019950 seconds .

AssetImportWorkerClient::OnTransportError - code=2 error=End of file
